#
# There is insufficient memory for the Java Runtime Environment to continue.
# Native memory allocation (mmap) failed to map 65536 bytes for Failed to commit metaspace.
# Possible reasons:
#   The system is out of physical RAM or swap space
#   The process is running with CompressedOops enabled, and the Java Heap may be blocking the growth of the native heap
# Possible solutions:
#   Reduce memory load on the system
#   Increase physical memory or swap space
#   Check if swap backing store is full
#   Decrease Java heap size (-Xmx/-Xms)
#   Decrease number of Java threads
#   Decrease Java thread stack sizes (-Xss)
#   Set larger code cache with -XX:ReservedCodeCacheSize=
#   JVM is running with Unscaled Compressed Oops mode in which the Java heap is
#     placed in the first 4GB address space. The Java Heap base address is the
#     maximum limit for the native heap growth. Please use -XX:HeapBaseMinAddress
#     to set the Java Heap base and to place the Java Heap above 4GB virtual address.
# This output file may be truncated or incomplete.
#
#  Out of Memory Error (virtualSpaceNode.cpp:110), pid=10408, tid=15216
#
# JRE version: OpenJDK Runtime Environment Temurin-17.0.2+8 (17.0.2+8) (build 17.0.2+8)
# Java VM: OpenJDK 64-Bit Server VM Temurin-17.0.2+8 (17.0.2+8, mixed mode, tiered, compressed oops, compressed class ptrs, parallel gc, windows-amd64)
# No core dump will be written. Minidumps are not enabled by default on client versions of Windows
#

---------------  S U M M A R Y ------------

Command Line: --add-modules=ALL-SYSTEM --add-opens=java.base/java.util=ALL-UNNAMED --add-opens=java.base/java.lang=ALL-UNNAMED --add-opens=java.base/sun.nio.fs=ALL-UNNAMED -Declipse.application=org.eclipse.jdt.ls.core.id1 -Dosgi.bundles.defaultStartLevel=4 -Declipse.product=org.eclipse.jdt.ls.core.product -Djava.import.generatesMetadataFilesAtProjectRoot=false -Dfile.encoding=utf8 -DwatchParentProcess=false -XX:+UseParallelGC -XX:GCTimeRatio=4 -XX:AdaptiveSizePolicyWeight=90 -Dsun.zip.disableMemoryMapping=true -Xmx1G -Xms100m -XX:+HeapDumpOnOutOfMemoryError -XX:HeapDumpPath=c:\Users\admin\AppData\Roaming\Code\User\workspaceStorage\88ffc9618abaa6493f3a0a45ec4d3036\redhat.java c:\Users\admin\.vscode\extensions\redhat.java-1.5.0-win32-x64\server\plugins\org.eclipse.equinox.launcher_1.6.400.v20210924-0641.jar -configuration c:\Users\admin\AppData\Roaming\Code\User\globalStorage\redhat.java\1.5.0\config_win -data c:\Users\admin\AppData\Roaming\Code\User\workspaceStorage\88ffc9618abaa6493f3a0a45ec4d3036\redhat.java\jdt_ws

Host: Intel(R) Core(TM) i5-6300U CPU @ 2.40GHz, 4 cores, 7G,  Windows 10 , 64 bit Build 19041 (10.0.19041.1645)
Time: Wed May  4 09:07:01 2022 Eastern Daylight Time elapsed time: 14.439609 seconds (0d 0h 0m 14s)

---------------  T H R E A D  ---------------

Current thread (0x000001f21c49a040):  JavaThread "ForkJoinPool.commonPool-worker-2" daemon [_thread_in_vm, id=15216, stack(0x0000006a5bb00000,0x0000006a5bc00000)]

Stack: [0x0000006a5bb00000,0x0000006a5bc00000]
Native frames: (J=compiled Java code, j=interpreted, Vv=VM code, C=native code)
V  [jvm.dll+0x67564a]
V  [jvm.dll+0x82fc04]
V  [jvm.dll+0x8313ae]
V  [jvm.dll+0x831a13]
V  [jvm.dll+0x245235]
V  [jvm.dll+0x82bbab]
V  [jvm.dll+0x61a336]
V  [jvm.dll+0x1c016e]
V  [jvm.dll+0x61cc81]
V  [jvm.dll+0x61acd6]
V  [jvm.dll+0x23abf0]
V  [jvm.dll+0x1ea88d]
V  [jvm.dll+0x1e02c1]
V  [jvm.dll+0x53b6e0]
V  [jvm.dll+0x7aad88]
V  [jvm.dll+0x7aae74]
V  [jvm.dll+0x40c2f5]
V  [jvm.dll+0x4124e8]
C  [java.dll+0x17ec]

Java frames: (J=compiled Java code, j=interpreted, Vv=VM code)
J 1081  java.lang.ClassLoader.defineClass1(Ljava/lang/ClassLoader;Ljava/lang/String;[BIILjava/security/ProtectionDomain;Ljava/lang/String;)Ljava/lang/Class; java.base@17.0.2 (0 bytes) @ 0x000001f20a6dbfdb [0x000001f20a6dbf20+0x00000000000000bb]
J 1467 c1 java.lang.ClassLoader.defineClass(Ljava/lang/String;[BIILjava/security/ProtectionDomain;)Ljava/lang/Class; java.base@17.0.2 (43 bytes) @ 0x000001f203407ad4 [0x000001f203407780+0x0000000000000354]
J 2161 c1 org.eclipse.osgi.internal.loader.ModuleClassLoader.defineClass(Ljava/lang/String;[BLorg/eclipse/osgi/internal/loader/classpath/ClasspathEntry;)Lorg/eclipse/osgi/internal/loader/ModuleClassLoader$DefineClassResult; (138 bytes) @ 0x000001f2035c5d9c [0x000001f2035c5b40+0x000000000000025c]
J 4305 c1 org.eclipse.osgi.internal.loader.classpath.ClasspathManager.defineClass(Ljava/lang/String;[BLorg/eclipse/osgi/internal/loader/classpath/ClasspathEntry;Lorg/eclipse/osgi/storage/bundlefile/BundleEntry;Ljava/util/List;)Ljava/lang/Class; (636 bytes) @ 0x000001f2039c99b4 [0x000001f2039c7fe0+0x00000000000019d4]
J 3017 c2 org.eclipse.osgi.internal.loader.classpath.ClasspathManager.findLocalClass(Ljava/lang/String;)Ljava/lang/Class; (210 bytes) @ 0x000001f20a7fb7e8 [0x000001f20a7f9a00+0x0000000000001de8]
J 4616 c2 org.eclipse.osgi.internal.loader.BundleLoader.findLocalClass(Ljava/lang/String;)Ljava/lang/Class; (152 bytes) @ 0x000001f20a8c5e88 [0x000001f20a8c5e00+0x0000000000000088]
J 5275 c2 org.eclipse.osgi.internal.loader.BundleLoader.findClass0(Ljava/lang/String;Z)Ljava/lang/Class; (461 bytes) @ 0x000001f20a7b91d0 [0x000001f20a7b7900+0x00000000000018d0]
J 4620 c2 org.eclipse.osgi.internal.loader.ModuleClassLoader.loadClass(Ljava/lang/String;Z)Ljava/lang/Class; (20 bytes) @ 0x000001f20a8c9c78 [0x000001f20a8c9c20+0x0000000000000058]
J 2556 c2 java.lang.ClassLoader.loadClass(Ljava/lang/String;)Ljava/lang/Class; java.base@17.0.2 (7 bytes) @ 0x000001f20a7616c0 [0x000001f20a761680+0x0000000000000040]
v  ~StubRoutines::call_stub
j  com.microsoft.java.debug.plugin.internal.ResolveMainMethodHandler.extractMainMethodInfo(Lorg/eclipse/jdt/core/ICompilationUnit;Lorg/eclipse/jdt/core/IMethod;)Lcom/microsoft/java/debug/plugin/internal/ResolveMainMethodHandler$MainMethod;+45
j  com.microsoft.java.debug.plugin.internal.ResolveMainMethodHandler.resolveMainMethodCore(Lorg/eclipse/jdt/core/ICompilationUnit;)Ljava/util/List;+33
j  com.microsoft.java.debug.plugin.internal.ResolveMainMethodHandler.resolveMainMethods(Ljava/util/List;Lorg/eclipse/core/runtime/IProgressMonitor;)Ljava/lang/Object;+116
j  com.microsoft.java.debug.plugin.internal.JavaDebugDelegateCommandHandler.executeCommand(Ljava/lang/String;Ljava/util/List;Lorg/eclipse/core/runtime/IProgressMonitor;)Ljava/lang/Object;+475
j  org.eclipse.jdt.ls.core.internal.handlers.WorkspaceExecuteCommandHandler$1.run()V+91
j  org.eclipse.core.runtime.SafeRunner.run(Lorg/eclipse/core/runtime/ISafeRunnable;)V+5
j  org.eclipse.jdt.ls.core.internal.handlers.WorkspaceExecuteCommandHandler.executeCommand(Lorg/eclipse/lsp4j/ExecuteCommandParams;Lorg/eclipse/core/runtime/IProgressMonitor;)Ljava/lang/Object;+216
j  org.eclipse.jdt.ls.core.internal.handlers.JDTLanguageServer.lambda$4(Lorg/eclipse/lsp4j/ExecuteCommandParams;Lorg/eclipse/core/runtime/IProgressMonitor;)Ljava/lang/Object;+6
j  org.eclipse.jdt.ls.core.internal.handlers.JDTLanguageServer$$Lambda$344+0x0000000100607298.apply(Ljava/lang/Object;)Ljava/lang/Object;+12
j  org.eclipse.jdt.ls.core.internal.BaseJDTLanguageServer.lambda$0(Ljava/util/function/Function;Lorg/eclipse/lsp4j/jsonrpc/CancelChecker;)Ljava/lang/Object;+6
j  org.eclipse.jdt.ls.core.internal.BaseJDTLanguageServer$$Lambda$264+0x00000001005862d8.apply(Ljava/lang/Object;)Ljava/lang/Object;+12
j  java.util.concurrent.CompletableFuture$UniApply.tryFire(I)Ljava/util/concurrent/CompletableFuture;+106 java.base@17.0.2
j  java.util.concurrent.CompletableFuture$Completion.exec()Z+2 java.base@17.0.2
j  java.util.concurrent.ForkJoinTask.doExec()I+10 java.base@17.0.2
j  java.util.concurrent.ForkJoinPool$WorkQueue.topLevelExec(Ljava/util/concurrent/ForkJoinTask;Ljava/util/concurrent/ForkJoinPool$WorkQueue;)V+13 java.base@17.0.2
j  java.util.concurrent.ForkJoinPool.scan(Ljava/util/concurrent/ForkJoinPool$WorkQueue;II)I+193 java.base@17.0.2
j  java.util.concurrent.ForkJoinPool.runWorker(Ljava/util/concurrent/ForkJoinPool$WorkQueue;)V+53 java.base@17.0.2
j  java.util.concurrent.ForkJoinWorkerThread.run()V+31 java.base@17.0.2
v  ~StubRoutines::call_stub

---------------  P R O C E S S  ---------------

Threads class SMR info:
_java_thread_list=0x000001f21bc776c0, length=30, elements={
0x000001f27f6013d0, 0x000001f27f864750, 0x000001f27f865de0, 0x000001f27f88e280,
0x000001f27f88eef0, 0x000001f27f890300, 0x000001f27f891e00, 0x000001f27f899770,
0x000001f27f89b060, 0x000001f27f8ad6f0, 0x000001f27f7612f0, 0x000001f215726fb0,
0x000001f215db8b40, 0x000001f215c23b00, 0x000001f215c24280, 0x000001f215c36570,
0x000001f21709d8b0, 0x000001f21712eac0, 0x000001f21719da90, 0x000001f2171a1450,
0x000001f21719f2a0, 0x000001f2171a05e0, 0x000001f21719edd0, 0x000001f21719df60,
0x000001f2171a0f80, 0x000001f21719e900, 0x000001f21719fc40, 0x000001f21c49a040,
0x000001f21c49da00, 0x000001f21c49ded0
}

Java Threads: ( => current thread )
  0x000001f27f6013d0 JavaThread "main" [_thread_blocked, id=17456, stack(0x0000006a59700000,0x0000006a59800000)]
  0x000001f27f864750 JavaThread "Reference Handler" daemon [_thread_blocked, id=11840, stack(0x0000006a59a00000,0x0000006a59b00000)]
  0x000001f27f865de0 JavaThread "Finalizer" daemon [_thread_blocked, id=10932, stack(0x0000006a59b00000,0x0000006a59c00000)]
  0x000001f27f88e280 JavaThread "Signal Dispatcher" daemon [_thread_blocked, id=2508, stack(0x0000006a59c00000,0x0000006a59d00000)]
  0x000001f27f88eef0 JavaThread "Attach Listener" daemon [_thread_blocked, id=14012, stack(0x0000006a59d00000,0x0000006a59e00000)]
  0x000001f27f890300 JavaThread "Service Thread" daemon [_thread_blocked, id=5744, stack(0x0000006a59e00000,0x0000006a59f00000)]
  0x000001f27f891e00 JavaThread "Monitor Deflation Thread" daemon [_thread_blocked, id=3980, stack(0x0000006a59f00000,0x0000006a5a000000)]
  0x000001f27f899770 JavaThread "C2 CompilerThread0" daemon [_thread_in_native, id=9240, stack(0x0000006a5a000000,0x0000006a5a100000)]
  0x000001f27f89b060 JavaThread "C1 CompilerThread0" daemon [_thread_blocked, id=16168, stack(0x0000006a5a100000,0x0000006a5a200000)]
  0x000001f27f8ad6f0 JavaThread "Sweeper thread" daemon [_thread_blocked, id=4628, stack(0x0000006a5a200000,0x0000006a5a300000)]
  0x000001f27f7612f0 JavaThread "Common-Cleaner" daemon [_thread_blocked, id=9956, stack(0x0000006a5a300000,0x0000006a5a400000)]
  0x000001f215726fb0 JavaThread "Notification Thread" daemon [_thread_blocked, id=8452, stack(0x0000006a5a400000,0x0000006a5a500000)]
  0x000001f215db8b40 JavaThread "Active Thread: Equinox Container: d6894f14-78f2-487a-8eb5-6d634b491360" [_thread_blocked, id=3868, stack(0x0000006a5a700000,0x0000006a5a800000)]
  0x000001f215c23b00 JavaThread "Framework Event Dispatcher: Equinox Container: d6894f14-78f2-487a-8eb5-6d634b491360" daemon [_thread_blocked, id=13392, stack(0x0000006a5a600000,0x0000006a5a700000)]
  0x000001f215c24280 JavaThread "Start Level: Equinox Container: d6894f14-78f2-487a-8eb5-6d634b491360" daemon [_thread_blocked, id=12308, stack(0x0000006a5a800000,0x0000006a5a900000)]
  0x000001f215c36570 JavaThread "SCR Component Actor" daemon [_thread_blocked, id=15660, stack(0x0000006a5ac00000,0x0000006a5ad00000)]
  0x000001f21709d8b0 JavaThread "Bundle File Closer" daemon [_thread_blocked, id=9972, stack(0x0000006a5af00000,0x0000006a5b000000)]
  0x000001f21712eac0 JavaThread "Worker-JM" [_thread_blocked, id=3384, stack(0x0000006a5b000000,0x0000006a5b100000)]
  0x000001f21719da90 JavaThread "Worker-0" [_thread_blocked, id=2796, stack(0x0000006a5ae00000,0x0000006a5af00000)]
  0x000001f2171a1450 JavaThread "Worker-1" [_thread_blocked, id=17936, stack(0x0000006a5b100000,0x0000006a5b200000)]
  0x000001f21719f2a0 JavaThread "Java indexing" daemon [_thread_in_Java, id=8832, stack(0x0000006a5b200000,0x0000006a5b300000)]
  0x000001f2171a05e0 JavaThread "pool-2-thread-1" [_thread_in_native, id=17816, stack(0x0000006a5b600000,0x0000006a5b700000)]
  0x000001f21719edd0 JavaThread "Worker-2" [_thread_blocked, id=15672, stack(0x0000006a5b700000,0x0000006a5b800000)]
  0x000001f21719df60 JavaThread "Worker-3" [_thread_blocked, id=2244, stack(0x0000006a5b800000,0x0000006a5b900000)]
  0x000001f2171a0f80 JavaThread "Worker-4" [_thread_blocked, id=16284, stack(0x0000006a5b900000,0x0000006a5ba00000)]
  0x000001f21719e900 JavaThread "Worker-5" [_thread_blocked, id=12948, stack(0x0000006a5ad00000,0x0000006a5ae00000)]
  0x000001f21719fc40 JavaThread "ForkJoinPool.commonPool-worker-1" daemon [_thread_blocked, id=15460, stack(0x0000006a5ba00000,0x0000006a5bb00000)]
=>0x000001f21c49a040 JavaThread "ForkJoinPool.commonPool-worker-2" daemon [_thread_in_vm, id=15216, stack(0x0000006a5bb00000,0x0000006a5bc00000)]
  0x000001f21c49da00 JavaThread "Worker-6" [_thread_blocked, id=1124, stack(0x0000006a5bc00000,0x0000006a5bd00000)]
  0x000001f21c49ded0 JavaThread "ForkJoinPool.commonPool-worker-3" daemon [_thread_blocked, id=6852, stack(0x0000006a5bd00000,0x0000006a5be00000)]

Other Threads:
  0x000001f27f84cdb0 VMThread "VM Thread" [stack: 0x0000006a59900000,0x0000006a59a00000] [id=16912]
  0x000001f215727480 WatcherThread [stack: 0x0000006a5a500000,0x0000006a5a600000] [id=9804]
  0x000001f27f618e90 GCTaskThread "GC Thread#0" [stack: 0x0000006a59800000,0x0000006a59900000] [id=14768]
  0x000001f27d49ca20 GCTaskThread "GC Thread#1" [stack: 0x0000006a5a900000,0x0000006a5aa00000] [id=17416]
  0x000001f215c07310 GCTaskThread "GC Thread#2" [stack: 0x0000006a5aa00000,0x0000006a5ab00000] [id=8544]
  0x000001f215ae47c0 GCTaskThread "GC Thread#3" [stack: 0x0000006a5ab00000,0x0000006a5ac00000] [id=8260]

Threads with active compile tasks:
C2 CompilerThread0    14515 5706  s    4       org.eclipse.jdt.internal.core.JavaModelManager::getInfo (36 bytes)

VM state: not at safepoint (normal execution)

VM Mutex/Monitor currently owned by a thread:  ([mutex/lock_event])
[0x000001f27f5fba90] Metaspace_lock - owner thread: 0x000001f21c49a040

Heap address: 0x00000000c0000000, size: 1024 MB, Compressed Oops mode: 32-bit

CDS archive(s) not mapped
Compressed class space mapped at: 0x0000000100000000-0x0000000140000000, reserved size: 1073741824
Narrow klass base: 0x0000000000000000, Narrow klass shift: 3, Narrow klass range: 0x140000000

GC Precious Log:
 CPUs: 4 total, 4 available
 Memory: 8008M
 Large Page Support: Disabled
 NUMA Support: Disabled
 Compressed Oops: Enabled (32-bit)
 Alignments: Space 512K, Generation 512K, Heap 2M
 Heap Min Capacity: 100M
 Heap Initial Capacity: 100M
 Heap Max Capacity: 1G
 Pre-touch: Disabled
 Parallel Workers: 4

Heap:
 PSYoungGen      total 22528K, used 19274K [0x00000000eab00000, 0x00000000ec300000, 0x0000000100000000)
  eden space 20480K, 86% used [0x00000000eab00000,0x00000000ebc484b0,0x00000000ebf00000)
  from space 2048K, 77% used [0x00000000ebf00000,0x00000000ec08a4a8,0x00000000ec100000)
  to   space 2048K, 0% used [0x00000000ec100000,0x00000000ec100000,0x00000000ec300000)
 ParOldGen       total 68608K, used 36534K [0x00000000c0000000, 0x00000000c4300000, 0x00000000eab00000)
  object space 68608K, 53% used [0x00000000c0000000,0x00000000c23ad918,0x00000000c4300000)
 Metaspace       used 55409K, committed 56256K, reserved 1105920K
  class space    used 5965K, committed 6336K, reserved 1048576K

Card table byte_map: [0x000001f27efc0000,0x000001f27f1d0000] _byte_map_base: 0x000001f27e9c0000

Marking Bits: (ParMarkBitMap*) 0x00007ff893cb3af0
 Begin Bits: [0x000001f211bb0000, 0x000001f212bb0000)
 End Bits:   [0x000001f212bb0000, 0x000001f213bb0000)

Polling page: 0x000001f27d570000

Metaspace:

Usage:
  Non-class:     48.29 MB used.
      Class:      5.83 MB used.
       Both:     54.11 MB used.

Virtual space:
  Non-class space:       56.00 MB reserved,      48.75 MB ( 87%) committed,  7 nodes.
      Class space:        1.00 GB reserved,       6.19 MB ( <1%) committed,  1 nodes.
             Both:        1.05 GB reserved,      54.94 MB (  5%) committed. 

Chunk freelists:
   Non-Class:  2.49 MB
       Class:  1.71 MB
        Both:  4.19 MB

MaxMetaspaceSize: unlimited
CompressedClassSpaceSize: 1.00 GB
Initial GC threshold: 21.00 MB
Current GC threshold: 58.88 MB
CDS: off
MetaspaceReclaimPolicy: balanced
 - commit_granule_bytes: 65536.
 - commit_granule_words: 8192.
 - virtual_space_node_default_size: 1048576.
 - enlarge_chunks_in_place: 1.
 - new_chunks_are_fully_committed: 0.
 - uncommit_free_chunks: 1.
 - use_allocation_guard: 0.
 - handle_deallocations: 1.


Internal statistics:

num_allocs_failed_limit: 10.
num_arena_births: 342.
num_arena_deaths: 0.
num_vsnodes_births: 8.
num_vsnodes_deaths: 0.
num_space_committed: 879.
num_space_uncommitted: 0.
num_chunks_returned_to_freelist: 10.
num_chunks_taken_from_freelist: 2313.
num_chunk_merges: 10.
num_chunk_splits: 1523.
num_chunks_enlarged: 1004.
num_purges: 0.
num_inconsistent_stats: 0.

CodeHeap 'non-profiled nmethods': size=120000Kb used=2573Kb max_used=2911Kb free=117426Kb
 bounds [0x000001f20a680000, 0x000001f20a960000, 0x000001f211bb0000]
CodeHeap 'profiled nmethods': size=120000Kb used=10093Kb max_used=11169Kb free=109906Kb
 bounds [0x000001f203150000, 0x000001f203c90000, 0x000001f20a680000]
CodeHeap 'non-nmethods': size=5760Kb used=1321Kb max_used=1390Kb free=4438Kb
 bounds [0x000001f202bb0000, 0x000001f202e20000, 0x000001f203150000]
 total_blobs=5521 nmethods=4864 adapters=569
 compilation: enabled
              stopped_count=0, restarted_count=0
 full_count=0

Compilation events (20 events):
Event: 14.427 Thread 0x000001f27f89b060 5688       3       java.lang.invoke.BoundMethodHandle::tooComplex (27 bytes)
Event: 14.427 Thread 0x000001f27f89b060 nmethod 5688 0x000001f203ba0a10 code [0x000001f203ba0be0, 0x000001f203ba1058]
Event: 14.428 Thread 0x000001f27f89b060 5689       3       java.util.regex.CharPredicates$$Lambda$170/0x00000001002df708::is (5 bytes)
Event: 14.428 Thread 0x000001f27f89b060 nmethod 5689 0x000001f203954510 code [0x000001f2039546c0, 0x000001f203954998]
Event: 14.428 Thread 0x000001f27f89b060 5690       3       java.util.regex.CharPredicates::lambda$ASCII_DIGIT$18 (20 bytes)
Event: 14.428 Thread 0x000001f27f89b060 nmethod 5690 0x000001f2039e0910 code [0x000001f2039e0ac0, 0x000001f2039e0d18]
Event: 14.428 Thread 0x000001f27f89b060 5691       3       java.util.regex.Pattern$$Lambda$33/0x00000001000dd9f0::is (9 bytes)
Event: 14.428 Thread 0x000001f27f89b060 nmethod 5691 0x000001f20379fa90 code [0x000001f20379fc20, 0x000001f20379fdf8]
Event: 14.428 Thread 0x000001f27f89b060 5692       3       java.util.regex.Pattern::lambda$Single$7 (11 bytes)
Event: 14.429 Thread 0x000001f27f89b060 nmethod 5692 0x000001f20347e790 code [0x000001f20347e920, 0x000001f20347ea78]
Event: 14.429 Thread 0x000001f27f89b060 5693       3       java.util.regex.Matcher::end (67 bytes)
Event: 14.429 Thread 0x000001f27f89b060 nmethod 5693 0x000001f20385e590 code [0x000001f20385e7e0, 0x000001f20385f028]
Event: 14.433 Thread 0x000001f27f89b060 5694       3       org.eclipse.core.internal.filesystem.InternalFileSystemCore::getInstance (4 bytes)
Event: 14.433 Thread 0x000001f27f89b060 nmethod 5694 0x000001f20338d490 code [0x000001f20338d620, 0x000001f20338d718]
Event: 14.433 Thread 0x000001f27f89b060 5696  s    3       org.eclipse.core.internal.filesystem.InternalFileSystemCore::getFileSystemRegistry (154 bytes)
Event: 14.434 Thread 0x000001f27f899770 5698       4       java.util.regex.Pattern::next (33 bytes)
Event: 14.435 Thread 0x000001f27f89b060 nmethod 5696 0x000001f203b79090 code [0x000001f203b793e0, 0x000001f203b7b3f8]
Event: 14.435 Thread 0x000001f27f89b060 5697       3       org.eclipse.core.internal.filesystem.local.LocalFile::toURI (23 bytes)
Event: 14.435 Thread 0x000001f27f899770 nmethod 5698 0x000001f20a6c8210 code [0x000001f20a6c8380, 0x000001f20a6c8478]
Event: 14.436 Thread 0x000001f27f89b060 nmethod 5697 0x000001f203a9ac90 code [0x000001f203a9ae60, 0x000001f203a9b158]

GC Heap History (20 events):
Event: 9.649 GC heap before
{Heap before GC invocations=14 (full 2):
 PSYoungGen      total 24576K, used 24320K [0x00000000eab00000, 0x00000000ec780000, 0x0000000100000000)
  eden space 22016K, 100% used [0x00000000eab00000,0x00000000ec080000,0x00000000ec080000)
  from space 2560K, 90% used [0x00000000ec200000,0x00000000ec440010,0x00000000ec480000)
  to   space 3072K, 0% used [0x00000000ec480000,0x00000000ec480000,0x00000000ec780000)
 ParOldGen       total 68608K, used 20267K [0x00000000c0000000, 0x00000000c4300000, 0x00000000eab00000)
  object space 68608K, 29% used [0x00000000c0000000,0x00000000c13cadb8,0x00000000c4300000)
 Metaspace       used 44911K, committed 45632K, reserved 1097728K
  class space    used 4932K, committed 5248K, reserved 1048576K
}
Event: 9.654 GC heap after
{Heap after GC invocations=14 (full 2):
 PSYoungGen      total 24064K, used 1984K [0x00000000eab00000, 0x00000000ec680000, 0x0000000100000000)
  eden space 22016K, 0% used [0x00000000eab00000,0x00000000eab00000,0x00000000ec080000)
  from space 2048K, 96% used [0x00000000ec480000,0x00000000ec670000,0x00000000ec680000)
  to   space 2560K, 0% used [0x00000000ec180000,0x00000000ec180000,0x00000000ec400000)
 ParOldGen       total 68608K, used 22542K [0x00000000c0000000, 0x00000000c4300000, 0x00000000eab00000)
  object space 68608K, 32% used [0x00000000c0000000,0x00000000c1603bc8,0x00000000c4300000)
 Metaspace       used 44911K, committed 45632K, reserved 1097728K
  class space    used 4932K, committed 5248K, reserved 1048576K
}
Event: 9.844 GC heap before
{Heap before GC invocations=15 (full 2):
 PSYoungGen      total 24064K, used 24000K [0x00000000eab00000, 0x00000000ec680000, 0x0000000100000000)
  eden space 22016K, 100% used [0x00000000eab00000,0x00000000ec080000,0x00000000ec080000)
  from space 2048K, 96% used [0x00000000ec480000,0x00000000ec670000,0x00000000ec680000)
  to   space 2560K, 0% used [0x00000000ec180000,0x00000000ec180000,0x00000000ec400000)
 ParOldGen       total 68608K, used 22542K [0x00000000c0000000, 0x00000000c4300000, 0x00000000eab00000)
  object space 68608K, 32% used [0x00000000c0000000,0x00000000c1603bc8,0x00000000c4300000)
 Metaspace       used 45173K, committed 45952K, reserved 1097728K
  class space    used 4952K, committed 5248K, reserved 1048576K
}
Event: 9.849 GC heap after
{Heap after GC invocations=15 (full 2):
 PSYoungGen      total 24576K, used 2208K [0x00000000eab00000, 0x00000000ec580000, 0x0000000100000000)
  eden space 22016K, 0% used [0x00000000eab00000,0x00000000eab00000,0x00000000ec080000)
  from space 2560K, 86% used [0x00000000ec180000,0x00000000ec3a8010,0x00000000ec400000)
  to   space 1536K, 0% used [0x00000000ec400000,0x00000000ec400000,0x00000000ec580000)
 ParOldGen       total 68608K, used 24462K [0x00000000c0000000, 0x00000000c4300000, 0x00000000eab00000)
  object space 68608K, 35% used [0x00000000c0000000,0x00000000c17e3bc8,0x00000000c4300000)
 Metaspace       used 45173K, committed 45952K, reserved 1097728K
  class space    used 4952K, committed 5248K, reserved 1048576K
}
Event: 10.141 GC heap before
{Heap before GC invocations=16 (full 2):
 PSYoungGen      total 24576K, used 24224K [0x00000000eab00000, 0x00000000ec580000, 0x0000000100000000)
  eden space 22016K, 100% used [0x00000000eab00000,0x00000000ec080000,0x00000000ec080000)
  from space 2560K, 86% used [0x00000000ec180000,0x00000000ec3a8010,0x00000000ec400000)
  to   space 1536K, 0% used [0x00000000ec400000,0x00000000ec400000,0x00000000ec580000)
 ParOldGen       total 68608K, used 24462K [0x00000000c0000000, 0x00000000c4300000, 0x00000000eab00000)
  object space 68608K, 35% used [0x00000000c0000000,0x00000000c17e3bc8,0x00000000c4300000)
 Metaspace       used 46298K, committed 47040K, reserved 1097728K
  class space    used 5056K, committed 5376K, reserved 1048576K
}
Event: 10.146 GC heap after
{Heap after GC invocations=16 (full 2):
 PSYoungGen      total 22016K, used 1536K [0x00000000eab00000, 0x00000000eca80000, 0x0000000100000000)
  eden space 20480K, 0% used [0x00000000eab00000,0x00000000eab00000,0x00000000ebf00000)
  from space 1536K, 100% used [0x00000000ec400000,0x00000000ec580000,0x00000000ec580000)
  to   space 5120K, 0% used [0x00000000ebf00000,0x00000000ebf00000,0x00000000ec400000)
 ParOldGen       total 68608K, used 27580K [0x00000000c0000000, 0x00000000c4300000, 0x00000000eab00000)
  object space 68608K, 40% used [0x00000000c0000000,0x00000000c1aef398,0x00000000c4300000)
 Metaspace       used 46298K, committed 47040K, reserved 1097728K
  class space    used 5056K, committed 5376K, reserved 1048576K
}
Event: 11.718 GC heap before
{Heap before GC invocations=17 (full 2):
 PSYoungGen      total 22016K, used 22016K [0x00000000eab00000, 0x00000000eca80000, 0x0000000100000000)
  eden space 20480K, 100% used [0x00000000eab00000,0x00000000ebf00000,0x00000000ebf00000)
  from space 1536K, 100% used [0x00000000ec400000,0x00000000ec580000,0x00000000ec580000)
  to   space 5120K, 0% used [0x00000000ebf00000,0x00000000ebf00000,0x00000000ec400000)
 ParOldGen       total 68608K, used 27580K [0x00000000c0000000, 0x00000000c4300000, 0x00000000eab00000)
  object space 68608K, 40% used [0x00000000c0000000,0x00000000c1aef398,0x00000000c4300000)
 Metaspace       used 50817K, committed 51712K, reserved 1097728K
  class space    used 5570K, committed 5952K, reserved 1048576K
}
Event: 11.726 GC heap after
{Heap after GC invocations=17 (full 2):
 PSYoungGen      total 22528K, used 1536K [0x00000000eab00000, 0x00000000ec500000, 0x0000000100000000)
  eden space 20480K, 0% used [0x00000000eab00000,0x00000000eab00000,0x00000000ebf00000)
  from space 2048K, 75% used [0x00000000ebf00000,0x00000000ec0803b0,0x00000000ec100000)
  to   space 3072K, 0% used [0x00000000ec200000,0x00000000ec200000,0x00000000ec500000)
 ParOldGen       total 68608K, used 29129K [0x00000000c0000000, 0x00000000c4300000, 0x00000000eab00000)
  object space 68608K, 42% used [0x00000000c0000000,0x00000000c1c726f0,0x00000000c4300000)
 Metaspace       used 50817K, committed 51712K, reserved 1097728K
  class space    used 5570K, committed 5952K, reserved 1048576K
}
Event: 11.915 GC heap before
{Heap before GC invocations=18 (full 2):
 PSYoungGen      total 22528K, used 22016K [0x00000000eab00000, 0x00000000ec500000, 0x0000000100000000)
  eden space 20480K, 100% used [0x00000000eab00000,0x00000000ebf00000,0x00000000ebf00000)
  from space 2048K, 75% used [0x00000000ebf00000,0x00000000ec0803b0,0x00000000ec100000)
  to   space 3072K, 0% used [0x00000000ec200000,0x00000000ec200000,0x00000000ec500000)
 ParOldGen       total 68608K, used 29129K [0x00000000c0000000, 0x00000000c4300000, 0x00000000eab00000)
  object space 68608K, 42% used [0x00000000c0000000,0x00000000c1c726f0,0x00000000c4300000)
 Metaspace       used 51072K, committed 51904K, reserved 1097728K
  class space    used 5579K, committed 5952K, reserved 1048576K
}
Event: 11.919 GC heap after
{Heap after GC invocations=18 (full 2):
 PSYoungGen      total 21504K, used 641K [0x00000000eab00000, 0x00000000ec300000, 0x0000000100000000)
  eden space 20480K, 0% used [0x00000000eab00000,0x00000000eab00000,0x00000000ebf00000)
  from space 1024K, 62% used [0x00000000ec200000,0x00000000ec2a0738,0x00000000ec300000)
  to   space 1536K, 0% used [0x00000000ec000000,0x00000000ec000000,0x00000000ec180000)
 ParOldGen       total 68608K, used 30603K [0x00000000c0000000, 0x00000000c4300000, 0x00000000eab00000)
  object space 68608K, 44% used [0x00000000c0000000,0x00000000c1de2fe8,0x00000000c4300000)
 Metaspace       used 51072K, committed 51904K, reserved 1097728K
  class space    used 5579K, committed 5952K, reserved 1048576K
}
Event: 12.266 GC heap before
{Heap before GC invocations=19 (full 2):
 PSYoungGen      total 21504K, used 21121K [0x00000000eab00000, 0x00000000ec300000, 0x0000000100000000)
  eden space 20480K, 100% used [0x00000000eab00000,0x00000000ebf00000,0x00000000ebf00000)
  from space 1024K, 62% used [0x00000000ec200000,0x00000000ec2a0738,0x00000000ec300000)
  to   space 1536K, 0% used [0x00000000ec000000,0x00000000ec000000,0x00000000ec180000)
 ParOldGen       total 68608K, used 30603K [0x00000000c0000000, 0x00000000c4300000, 0x00000000eab00000)
  object space 68608K, 44% used [0x00000000c0000000,0x00000000c1de2fe8,0x00000000c4300000)
 Metaspace       used 51668K, committed 52480K, reserved 1097728K
  class space    used 5618K, committed 5952K, reserved 1048576K
}
Event: 12.268 GC heap after
{Heap after GC invocations=19 (full 2):
 PSYoungGen      total 22016K, used 919K [0x00000000eab00000, 0x00000000ec280000, 0x0000000100000000)
  eden space 20480K, 0% used [0x00000000eab00000,0x00000000eab00000,0x00000000ebf00000)
  from space 1536K, 59% used [0x00000000ec000000,0x00000000ec0e5cc0,0x00000000ec180000)
  to   space 1024K, 0% used [0x00000000ec180000,0x00000000ec180000,0x00000000ec280000)
 ParOldGen       total 68608K, used 31085K [0x00000000c0000000, 0x00000000c4300000, 0x00000000eab00000)
  object space 68608K, 45% used [0x00000000c0000000,0x00000000c1e5b710,0x00000000c4300000)
 Metaspace       used 51668K, committed 52480K, reserved 1097728K
  class space    used 5618K, committed 5952K, reserved 1048576K
}
Event: 12.581 GC heap before
{Heap before GC invocations=20 (full 2):
 PSYoungGen      total 22016K, used 21399K [0x00000000eab00000, 0x00000000ec280000, 0x0000000100000000)
  eden space 20480K, 100% used [0x00000000eab00000,0x00000000ebf00000,0x00000000ebf00000)
  from space 1536K, 59% used [0x00000000ec000000,0x00000000ec0e5cc0,0x00000000ec180000)
  to   space 1024K, 0% used [0x00000000ec180000,0x00000000ec180000,0x00000000ec280000)
 ParOldGen       total 68608K, used 31085K [0x00000000c0000000, 0x00000000c4300000, 0x00000000eab00000)
  object space 68608K, 45% used [0x00000000c0000000,0x00000000c1e5b710,0x00000000c4300000)
 Metaspace       used 52218K, committed 53120K, reserved 1097728K
  class space    used 5702K, committed 6080K, reserved 1048576K
}
Event: 12.585 GC heap after
{Heap after GC invocations=20 (full 2):
 PSYoungGen      total 21504K, used 992K [0x00000000eab00000, 0x00000000ec400000, 0x0000000100000000)
  eden space 20480K, 0% used [0x00000000eab00000,0x00000000eab00000,0x00000000ebf00000)
  from space 1024K, 96% used [0x00000000ec180000,0x00000000ec278020,0x00000000ec280000)
  to   space 2560K, 0% used [0x00000000ebf00000,0x00000000ebf00000,0x00000000ec180000)
 ParOldGen       total 68608K, used 32144K [0x00000000c0000000, 0x00000000c4300000, 0x00000000eab00000)
  object space 68608K, 46% used [0x00000000c0000000,0x00000000c1f64118,0x00000000c4300000)
 Metaspace       used 52218K, committed 53120K, reserved 1097728K
  class space    used 5702K, committed 6080K, reserved 1048576K
}
Event: 12.840 GC heap before
{Heap before GC invocations=21 (full 2):
 PSYoungGen      total 21504K, used 21472K [0x00000000eab00000, 0x00000000ec400000, 0x0000000100000000)
  eden space 20480K, 100% used [0x00000000eab00000,0x00000000ebf00000,0x00000000ebf00000)
  from space 1024K, 96% used [0x00000000ec180000,0x00000000ec278020,0x00000000ec280000)
  to   space 2560K, 0% used [0x00000000ebf00000,0x00000000ebf00000,0x00000000ec180000)
 ParOldGen       total 68608K, used 32144K [0x00000000c0000000, 0x00000000c4300000, 0x00000000eab00000)
  object space 68608K, 46% used [0x00000000c0000000,0x00000000c1f64118,0x00000000c4300000)
 Metaspace       used 53049K, committed 53888K, reserved 1097728K
  class space    used 5772K, committed 6144K, reserved 1048576K
}
Event: 12.845 GC heap after
{Heap after GC invocations=21 (full 2):
 PSYoungGen      total 22528K, used 1818K [0x00000000eab00000, 0x00000000ec300000, 0x0000000100000000)
  eden space 20480K, 0% used [0x00000000eab00000,0x00000000eab00000,0x00000000ebf00000)
  from space 2048K, 88% used [0x00000000ebf00000,0x00000000ec0c6860,0x00000000ec100000)
  to   space 2048K, 0% used [0x00000000ec100000,0x00000000ec100000,0x00000000ec300000)
 ParOldGen       total 68608K, used 33066K [0x00000000c0000000, 0x00000000c4300000, 0x00000000eab00000)
  object space 68608K, 48% used [0x00000000c0000000,0x00000000c204aba0,0x00000000c4300000)
 Metaspace       used 53049K, committed 53888K, reserved 1097728K
  class space    used 5772K, committed 6144K, reserved 1048576K
}
Event: 13.249 GC heap before
{Heap before GC invocations=22 (full 2):
 PSYoungGen      total 22528K, used 22298K [0x00000000eab00000, 0x00000000ec300000, 0x0000000100000000)
  eden space 20480K, 100% used [0x00000000eab00000,0x00000000ebf00000,0x00000000ebf00000)
  from space 2048K, 88% used [0x00000000ebf00000,0x00000000ec0c6860,0x00000000ec100000)
  to   space 2048K, 0% used [0x00000000ec100000,0x00000000ec100000,0x00000000ec300000)
 ParOldGen       total 68608K, used 33066K [0x00000000c0000000, 0x00000000c4300000, 0x00000000eab00000)
  object space 68608K, 48% used [0x00000000c0000000,0x00000000c204aba0,0x00000000c4300000)
 Metaspace       used 53942K, committed 54784K, reserved 1097728K
  class space    used 5841K, committed 6208K, reserved 1048576K
}
Event: 13.253 GC heap after
{Heap after GC invocations=22 (full 2):
 PSYoungGen      total 22528K, used 1776K [0x00000000eab00000, 0x00000000ec300000, 0x0000000100000000)
  eden space 20480K, 0% used [0x00000000eab00000,0x00000000eab00000,0x00000000ebf00000)
  from space 2048K, 86% used [0x00000000ec100000,0x00000000ec2bc160,0x00000000ec300000)
  to   space 2048K, 0% used [0x00000000ebf00000,0x00000000ebf00000,0x00000000ec100000)
 ParOldGen       total 68608K, used 34849K [0x00000000c0000000, 0x00000000c4300000, 0x00000000eab00000)
  object space 68608K, 50% used [0x00000000c0000000,0x00000000c22087a8,0x00000000c4300000)
 Metaspace       used 53942K, committed 54784K, reserved 1097728K
  class space    used 5841K, committed 6208K, reserved 1048576K
}
Event: 13.586 GC heap before
{Heap before GC invocations=23 (full 2):
 PSYoungGen      total 22528K, used 22256K [0x00000000eab00000, 0x00000000ec300000, 0x0000000100000000)
  eden space 20480K, 100% used [0x00000000eab00000,0x00000000ebf00000,0x00000000ebf00000)
  from space 2048K, 86% used [0x00000000ec100000,0x00000000ec2bc160,0x00000000ec300000)
  to   space 2048K, 0% used [0x00000000ebf00000,0x00000000ebf00000,0x00000000ec100000)
 ParOldGen       total 68608K, used 34849K [0x00000000c0000000, 0x00000000c4300000, 0x00000000eab00000)
  object space 68608K, 50% used [0x00000000c0000000,0x00000000c22087a8,0x00000000c4300000)
 Metaspace       used 54254K, committed 55104K, reserved 1105920K
  class space    used 5847K, committed 6208K, reserved 1048576K
}
Event: 13.597 GC heap after
{Heap after GC invocations=23 (full 2):
 PSYoungGen      total 22528K, used 1577K [0x00000000eab00000, 0x00000000ec300000, 0x0000000100000000)
  eden space 20480K, 0% used [0x00000000eab00000,0x00000000eab00000,0x00000000ebf00000)
  from space 2048K, 77% used [0x00000000ebf00000,0x00000000ec08a4a8,0x00000000ec100000)
  to   space 2048K, 0% used [0x00000000ec100000,0x00000000ec100000,0x00000000ec300000)
 ParOldGen       total 68608K, used 36534K [0x00000000c0000000, 0x00000000c4300000, 0x00000000eab00000)
  object space 68608K, 53% used [0x00000000c0000000,0x00000000c23ad918,0x00000000c4300000)
 Metaspace       used 54254K, committed 55104K, reserved 1105920K
  class space    used 5847K, committed 6208K, reserved 1048576K
}

Deoptimization events (20 events):
Event: 14.197 Thread 0x000001f21c49a040 Uncommon trap: trap_request=0xffffffc6 fr.pc=0x000001f20a8aac48 relative=0x00000000000002e8
Event: 14.197 Thread 0x000001f21c49a040 Uncommon trap: reason=bimorphic_or_optimized_type_check action=maybe_recompile pc=0x000001f20a8aac48 method=java.lang.ThreadLocal.set(Ljava/lang/Object;)V @ 6 c2
Event: 14.197 Thread 0x000001f21719fc40 DEOPT PACKING pc=0x000001f20a8aac48 sp=0x0000006a5bafdc80
Event: 14.197 Thread 0x000001f21719fc40 DEOPT UNPACKING pc=0x000001f202c020a3 sp=0x0000006a5bafdc18 mode 2
Event: 14.197 Thread 0x000001f21c49a040 DEOPT PACKING pc=0x000001f20a8aac48 sp=0x0000006a5bbfd9c0
Event: 14.197 Thread 0x000001f21c49a040 DEOPT UNPACKING pc=0x000001f202c020a3 sp=0x0000006a5bbfd958 mode 2
Event: 14.197 Thread 0x000001f21719fc40 Uncommon trap: trap_request=0xffffffc6 fr.pc=0x000001f20a8aac48 relative=0x00000000000002e8
Event: 14.197 Thread 0x000001f21719fc40 Uncommon trap: reason=bimorphic_or_optimized_type_check action=maybe_recompile pc=0x000001f20a8aac48 method=java.lang.ThreadLocal.set(Ljava/lang/Object;)V @ 6 c2
Event: 14.197 Thread 0x000001f21719fc40 DEOPT PACKING pc=0x000001f20a8aac48 sp=0x0000006a5bafdc80
Event: 14.197 Thread 0x000001f21719fc40 DEOPT UNPACKING pc=0x000001f202c020a3 sp=0x0000006a5bafdc18 mode 2
Event: 14.199 Thread 0x000001f21719fc40 Uncommon trap: trap_request=0xffffffde fr.pc=0x000001f20a754c48 relative=0x0000000000000b48
Event: 14.199 Thread 0x000001f21719fc40 Uncommon trap: reason=class_check action=maybe_recompile pc=0x000001f20a754c48 method=java.util.concurrent.ConcurrentHashMap.putVal(Ljava/lang/Object;Ljava/lang/Object;Z)Ljava/lang/Object; @ 159 c2
Event: 14.199 Thread 0x000001f21719fc40 DEOPT PACKING pc=0x000001f20a754c48 sp=0x0000006a5bafdd70
Event: 14.199 Thread 0x000001f21719fc40 DEOPT UNPACKING pc=0x000001f202c020a3 sp=0x0000006a5bafdcf0 mode 2
Event: 14.200 Thread 0x000001f21719fc40 Uncommon trap: trap_request=0xffffffde fr.pc=0x000001f20a754dbc relative=0x0000000000000cbc
Event: 14.200 Thread 0x000001f21719fc40 Uncommon trap: reason=class_check action=maybe_recompile pc=0x000001f20a754dbc method=java.util.concurrent.ConcurrentHashMap.putVal(Ljava/lang/Object;Ljava/lang/Object;Z)Ljava/lang/Object; @ 242 c2
Event: 14.200 Thread 0x000001f21719fc40 DEOPT PACKING pc=0x000001f20a754dbc sp=0x0000006a5bafe820
Event: 14.200 Thread 0x000001f21719fc40 DEOPT UNPACKING pc=0x000001f202c020a3 sp=0x0000006a5bafe790 mode 2
Event: 14.276 Thread 0x000001f21719f2a0 DEOPT PACKING pc=0x000001f20317801c sp=0x0000006a5b2fefc0
Event: 14.277 Thread 0x000001f21719f2a0 DEOPT UNPACKING pc=0x000001f202c02843 sp=0x0000006a5b2fe448 mode 0

Classes unloaded (0 events):
No events

Classes redefined (0 events):
No events

Internal exceptions (20 events):
Event: 11.429 Thread 0x000001f21719edd0 Exception <a 'java/lang/NoSuchMethodError'{0x00000000eb7952f0}: 'java.lang.Object java.lang.invoke.Invokers$Holder.linkToTargetMethod(java.lang.Object, java.lang.Object, java.lang.Object, java.lang.Object, java.lang.Object, java.lang.Object, java.lang.Object, java.lang.Object)'> (0x00000000eb7952f0) 
thrown [e:\jenkins\tmp\workspace\build\src\src\hotspot\share\interpreter\linkResolver.cpp, line 766]
Event: 11.658 Thread 0x000001f21719edd0 Exception <a 'java/io/FileNotFoundException'{0x00000000ebae6558}> (0x00000000ebae6558) 
thrown [e:\jenkins\tmp\workspace\build\src\src\hotspot\share\prims\jni.cpp, line 516]
Event: 11.661 Thread 0x000001f21719edd0 Exception <a 'java/io/FileNotFoundException'{0x00000000ebae8848}> (0x00000000ebae8848) 
thrown [e:\jenkins\tmp\workspace\build\src\src\hotspot\share\prims\jni.cpp, line 516]
Event: 11.662 Thread 0x000001f21719edd0 Exception <a 'java/io/FileNotFoundException'{0x00000000ebae9cc0}> (0x00000000ebae9cc0) 
thrown [e:\jenkins\tmp\workspace\build\src\src\hotspot\share\prims\jni.cpp, line 516]
Event: 12.050 Thread 0x000001f21719edd0 Exception <a 'sun/nio/fs/WindowsException'{0x00000000eb365af8}> (0x00000000eb365af8) 
thrown [e:\jenkins\tmp\workspace\build\src\src\hotspot\share\prims\jni.cpp, line 516]
Event: 12.300 Thread 0x000001f21719edd0 Exception <a 'java/lang/NoSuchMethodError'{0x00000000eab65ea8}: 'java.lang.Object java.lang.invoke.DirectMethodHandle$Holder.newInvokeSpecial(java.lang.Object, java.lang.Object, java.lang.Object, int)'> (0x00000000eab65ea8) 
thrown [e:\jenkins\tmp\workspace\build\src\src\hotspot\share\interpreter\linkResolver.cpp, line 766]
Event: 12.301 Thread 0x000001f21719edd0 Exception <a 'java/lang/NoSuchMethodError'{0x00000000eab6a288}: 'java.lang.Object java.lang.invoke.DirectMethodHandle$Holder.invokeSpecial(java.lang.Object, java.lang.Object, java.lang.Object, java.lang.Object, int)'> (0x00000000eab6a288) 
thrown [e:\jenkins\tmp\workspace\build\src\src\hotspot\share\interpreter\linkResolver.cpp, line 766]
Event: 12.302 Thread 0x000001f21719edd0 Exception <a 'java/lang/NoSuchMethodError'{0x00000000eab6de50}: 'java.lang.Object java.lang.invoke.Invokers$Holder.linkToTargetMethod(java.lang.Object, java.lang.Object, int, java.lang.Object)'> (0x00000000eab6de50) 
thrown [e:\jenkins\tmp\workspace\build\src\src\hotspot\share\interpreter\linkResolver.cpp, line 766]
Event: 12.525 Thread 0x000001f21719fc40 Exception <a 'java/lang/NoSuchMethodError'{0x00000000eb827b68}: 'int java.lang.invoke.DirectMethodHandle$Holder.invokeSpecial(java.lang.Object, java.lang.Object, java.lang.Object)'> (0x00000000eb827b68) 
thrown [e:\jenkins\tmp\workspace\build\src\src\hotspot\share\interpreter\linkResolver.cpp, line 766]
Event: 12.527 Thread 0x000001f21719edd0 Exception <a 'java/lang/NoSuchMethodError'{0x00000000eb849f08}: 'int java.lang.invoke.DirectMethodHandle$Holder.invokeVirtual(java.lang.Object, java.lang.Object, java.lang.Object)'> (0x00000000eb849f08) 
thrown [e:\jenkins\tmp\workspace\build\src\src\hotspot\share\interpreter\linkResolver.cpp, line 766]
Event: 12.691 Thread 0x000001f21719fc40 Exception <a 'java/lang/NoSuchMethodError'{0x00000000eb439388}: 'int java.lang.invoke.DirectMethodHandle$Holder.invokeStatic(java.lang.Object, java.lang.Object, java.lang.Object, int)'> (0x00000000eb439388) 
thrown [e:\jenkins\tmp\workspace\build\src\src\hotspot\share\interpreter\linkResolver.cpp, line 766]
Event: 12.759 Thread 0x000001f21719edd0 Exception <a 'sun/nio/fs/WindowsException'{0x00000000eb8a9ab8}> (0x00000000eb8a9ab8) 
thrown [e:\jenkins\tmp\workspace\build\src\src\hotspot\share\prims\jni.cpp, line 516]
Event: 12.782 Thread 0x000001f2171a0f80 Exception <a 'java/lang/NoSuchMethodError'{0x00000000eb917d10}: 'java.lang.Object java.lang.invoke.DirectMethodHandle$Holder.invokeStatic(java.lang.Object, java.lang.Object, java.lang.Object, long)'> (0x00000000eb917d10) 
thrown [e:\jenkins\tmp\workspace\build\src\src\hotspot\share\interpreter\linkResolver.cpp, line 766]
Event: 12.783 Thread 0x000001f2171a0f80 Exception <a 'java/lang/NoSuchMethodError'{0x00000000eb91f408}: 'java.lang.Object java.lang.invoke.DirectMethodHandle$Holder.newInvokeSpecial(java.lang.Object, java.lang.Object, java.lang.Object, long)'> (0x00000000eb91f408) 
thrown [e:\jenkins\tmp\workspace\build\src\src\hotspot\share\interpreter\linkResolver.cpp, line 766]
Event: 12.784 Thread 0x000001f2171a0f80 Exception <a 'java/lang/NoSuchMethodError'{0x00000000eb923520}: 'java.lang.Object java.lang.invoke.DirectMethodHandle$Holder.invokeSpecial(java.lang.Object, java.lang.Object, java.lang.Object, java.lang.Object, long)'> (0x00000000eb923520) 
thrown [e:\jenkins\tmp\workspace\build\src\src\hotspot\share\interpreter\linkResolver.cpp, line 766]
Event: 12.785 Thread 0x000001f2171a0f80 Exception <a 'java/lang/NoSuchMethodError'{0x00000000eb9270f0}: 'java.lang.Object java.lang.invoke.Invokers$Holder.linkToTargetMethod(java.lang.Object, java.lang.Object, long, java.lang.Object)'> (0x00000000eb9270f0) 
thrown [e:\jenkins\tmp\workspace\build\src\src\hotspot\share\interpreter\linkResolver.cpp, line 766]
Event: 13.740 Thread 0x000001f21719e900 Exception <a 'java/lang/NoSuchMethodError'{0x00000000eb348558}: 'java.lang.Object java.lang.invoke.DirectMethodHandle$Holder.newInvokeSpecial(java.lang.Object, java.lang.Object, java.lang.Object, int, java.lang.Object)'> (0x00000000eb348558) 
thrown [e:\jenkins\tmp\workspace\build\src\src\hotspot\share\interpreter\linkResolver.cpp, line 766]
Event: 13.741 Thread 0x000001f21719e900 Exception <a 'java/lang/NoSuchMethodError'{0x00000000eb34d4a8}: 'java.lang.Object java.lang.invoke.DirectMethodHandle$Holder.invokeSpecial(java.lang.Object, java.lang.Object, java.lang.Object, java.lang.Object, int, java.lang.Object)'> (0x00000000eb34d4a8) 
thrown [e:\jenkins\tmp\workspace\build\src\src\hotspot\share\interpreter\linkResolver.cpp, line 766]
Event: 14.419 Thread 0x000001f21c49a040 Exception <a 'java/lang/NoSuchMethodError'{0x00000000ebb6c2c0}: 'java.lang.Object java.lang.invoke.DirectMethodHandle$Holder.invokeStatic(java.lang.Object, int, java.lang.Object)'> (0x00000000ebb6c2c0) 
thrown [e:\jenkins\tmp\workspace\build\src\src\hotspot\share\interpreter\linkResolver.cpp, line 766]
Event: 14.427 Thread 0x000001f21c49a040 Exception <a 'java/lang/ClassNotFoundException'{0x00000000ebb7f2d8}: sun/util/logging/resources/spi/loggingProvider> (0x00000000ebb7f2d8) 
thrown [e:\jenkins\tmp\workspace\build\src\src\hotspot\share\classfile\systemDictionary.cpp, line 256]

VM Operations (20 events):
Event: 12.745 Executing VM operation: HandshakeAllThreads
Event: 12.745 Executing VM operation: HandshakeAllThreads done
Event: 12.787 Executing VM operation: HandshakeAllThreads
Event: 12.818 Executing VM operation: HandshakeAllThreads done
Event: 12.840 Executing VM operation: ParallelGCFailedAllocation
Event: 12.845 Executing VM operation: ParallelGCFailedAllocation done
Event: 12.845 Executing VM operation: HandshakeAllThreads
Event: 12.845 Executing VM operation: HandshakeAllThreads done
Event: 13.230 Executing VM operation: ParallelGCFailedAllocation
Event: 13.359 Executing VM operation: ParallelGCFailedAllocation done
Event: 13.518 Executing VM operation: ParallelGCFailedAllocation
Event: 13.609 Executing VM operation: ParallelGCFailedAllocation done
Event: 13.848 Executing VM operation: HandshakeAllThreads
Event: 13.852 Executing VM operation: HandshakeAllThreads done
Event: 13.855 Executing VM operation: HandshakeAllThreads
Event: 13.856 Executing VM operation: HandshakeAllThreads done
Event: 14.219 Executing VM operation: HandshakeAllThreads
Event: 14.277 Executing VM operation: HandshakeAllThreads done
Event: 14.279 Executing VM operation: HandshakeAllThreads
Event: 14.405 Executing VM operation: HandshakeAllThreads done

Events (20 events):
Event: 14.425 loading class java/lang/StackStreamFactory$FrameBuffer done
Event: 14.425 loading class java/lang/StackStreamFactory$StackFrameTraverser$StackFrameBuffer done
Event: 14.426 loading class java/util/logging/Level$RbAccess
Event: 14.426 loading class java/util/logging/Level$RbAccess done
Event: 14.427 loading class sun/util/logging/resources/logging
Event: 14.427 loading class sun/util/logging/resources/logging done
Event: 14.427 loading class sun/util/logging/resources/logging_en
Event: 14.427 loading class sun/util/logging/resources/logging_en done
Event: 14.427 loading class sun/util/logging/resources/logging_en
Event: 14.427 loading class sun/util/logging/resources/logging_en done
Event: 14.427 loading class sun/util/logging/resources/logging_en_US
Event: 14.427 loading class sun/util/logging/resources/logging_en_US done
Event: 14.427 loading class sun/util/logging/resources/logging_en_US
Event: 14.427 loading class sun/util/logging/resources/logging_en_US done
Event: 14.427 loading class java/util/Formatter$DateTime
Event: 14.428 loading class java/util/Formatter$DateTime done
Event: 14.428 loading class java/time/ZonedDateTime$1
Event: 14.428 loading class java/time/ZonedDateTime$1 done
Event: 14.428 loading class java/time/LocalTime$1
Event: 14.428 loading class java/time/LocalTime$1 done


Dynamic libraries:
0x00007ff748560000 - 0x00007ff74856e000 	c:\Users\admin\.vscode\extensions\redhat.java-1.5.0-win32-x64\jre\17.0.2-win32-x86_64\bin\java.exe
0x00007ff8e4dd0000 - 0x00007ff8e4fc5000 	C:\WINDOWS\SYSTEM32\ntdll.dll
0x00007ff8e3e10000 - 0x00007ff8e3ece000 	C:\WINDOWS\System32\KERNEL32.DLL
0x00007ff8e24f0000 - 0x00007ff8e27b8000 	C:\WINDOWS\System32\KERNELBASE.dll
0x00007ff8e2af0000 - 0x00007ff8e2bf0000 	C:\WINDOWS\System32\ucrtbase.dll
0x00007ff8d03c0000 - 0x00007ff8d03d8000 	c:\Users\admin\.vscode\extensions\redhat.java-1.5.0-win32-x64\jre\17.0.2-win32-x86_64\bin\jli.dll
0x00007ff8d62a0000 - 0x00007ff8d62b9000 	c:\Users\admin\.vscode\extensions\redhat.java-1.5.0-win32-x64\jre\17.0.2-win32-x86_64\bin\VCRUNTIME140.dll
0x00007ff8e2e40000 - 0x00007ff8e2fe0000 	C:\WINDOWS\System32\USER32.dll
0x00007ff8e27c0000 - 0x00007ff8e27e2000 	C:\WINDOWS\System32\win32u.dll
0x00007ff8d0560000 - 0x00007ff8d07fa000 	C:\WINDOWS\WinSxS\amd64_microsoft.windows.common-controls_6595b64144ccf1df_6.0.19041.1110_none_60b5254171f9507e\COMCTL32.dll
0x00007ff8e3fe0000 - 0x00007ff8e400a000 	C:\WINDOWS\System32\GDI32.dll
0x00007ff8e2bf0000 - 0x00007ff8e2cfb000 	C:\WINDOWS\System32\gdi32full.dll
0x00007ff8e3c60000 - 0x00007ff8e3cfe000 	C:\WINDOWS\System32\msvcrt.dll
0x00007ff8e27f0000 - 0x00007ff8e288d000 	C:\WINDOWS\System32\msvcp_win.dll
0x00007ff8e3fb0000 - 0x00007ff8e3fe0000 	C:\WINDOWS\System32\IMM32.DLL
0x00007ff8dd530000 - 0x00007ff8dd53c000 	c:\Users\admin\.vscode\extensions\redhat.java-1.5.0-win32-x64\jre\17.0.2-win32-x86_64\bin\vcruntime140_1.dll
0x00007ff8c1080000 - 0x00007ff8c1111000 	c:\Users\admin\.vscode\extensions\redhat.java-1.5.0-win32-x64\jre\17.0.2-win32-x86_64\bin\msvcp140.dll
0x00007ff893130000 - 0x00007ff893d77000 	c:\Users\admin\.vscode\extensions\redhat.java-1.5.0-win32-x64\jre\17.0.2-win32-x86_64\bin\server\jvm.dll
0x00007ff8e3bb0000 - 0x00007ff8e3c5e000 	C:\WINDOWS\System32\ADVAPI32.dll
0x00007ff8e4250000 - 0x00007ff8e42ec000 	C:\WINDOWS\System32\sechost.dll
0x00007ff8e42f0000 - 0x00007ff8e4415000 	C:\WINDOWS\System32\RPCRT4.dll
0x00007ff8e2e30000 - 0x00007ff8e2e38000 	C:\WINDOWS\System32\PSAPI.DLL
0x00007ff8cffe0000 - 0x00007ff8d0007000 	C:\WINDOWS\SYSTEM32\WINMM.dll
0x00007ff8d7be0000 - 0x00007ff8d7bea000 	C:\WINDOWS\SYSTEM32\VERSION.dll
0x00007ff8cb480000 - 0x00007ff8cb489000 	C:\WINDOWS\SYSTEM32\WSOCK32.dll
0x00007ff8e3a70000 - 0x00007ff8e3adb000 	C:\WINDOWS\System32\WS2_32.dll
0x00007ff8e0df0000 - 0x00007ff8e0e02000 	C:\WINDOWS\SYSTEM32\kernel.appcore.dll
0x00007ff8da480000 - 0x00007ff8da48a000 	c:\Users\admin\.vscode\extensions\redhat.java-1.5.0-win32-x64\jre\17.0.2-win32-x86_64\bin\jimage.dll
0x00007ff8e0300000 - 0x00007ff8e04e4000 	C:\WINDOWS\SYSTEM32\DBGHELP.DLL
0x00007ff8cb8b0000 - 0x00007ff8cb8dc000 	C:\WINDOWS\SYSTEM32\dbgcore.DLL
0x00007ff8e2a60000 - 0x00007ff8e2ae2000 	C:\WINDOWS\System32\bcryptPrimitives.dll
0x00007ff8d0390000 - 0x00007ff8d03b5000 	c:\Users\admin\.vscode\extensions\redhat.java-1.5.0-win32-x64\jre\17.0.2-win32-x86_64\bin\java.dll
0x00007ff8c69d0000 - 0x00007ff8c69e8000 	c:\Users\admin\.vscode\extensions\redhat.java-1.5.0-win32-x64\jre\17.0.2-win32-x86_64\bin\zip.dll
0x00007ff8e4510000 - 0x00007ff8e4c54000 	C:\WINDOWS\System32\SHELL32.dll
0x00007ff8e04f0000 - 0x00007ff8e0c84000 	C:\WINDOWS\SYSTEM32\windows.storage.dll
0x00007ff8e2fe0000 - 0x00007ff8e3334000 	C:\WINDOWS\System32\combase.dll
0x00007ff8e1e90000 - 0x00007ff8e1ebc000 	C:\WINDOWS\SYSTEM32\Wldp.dll
0x00007ff8e4070000 - 0x00007ff8e411d000 	C:\WINDOWS\System32\SHCORE.dll
0x00007ff8e4010000 - 0x00007ff8e4065000 	C:\WINDOWS\System32\shlwapi.dll
0x00007ff8e2430000 - 0x00007ff8e244f000 	C:\WINDOWS\SYSTEM32\profapi.dll
0x00007ff8c1540000 - 0x00007ff8c1559000 	C:\Users\admin\.vscode\extensions\redhat.java-1.5.0-win32-x64\jre\17.0.2-win32-x86_64\bin\net.dll
0x00007ff8d1970000 - 0x00007ff8d1a7a000 	C:\WINDOWS\SYSTEM32\WINHTTP.dll
0x00007ff8e1bf0000 - 0x00007ff8e1c5a000 	C:\WINDOWS\system32\mswsock.dll
0x00007ff8c14f0000 - 0x00007ff8c1505000 	C:\Users\admin\.vscode\extensions\redhat.java-1.5.0-win32-x64\jre\17.0.2-win32-x86_64\bin\nio.dll
0x00007ff8e1de0000 - 0x00007ff8e1df8000 	C:\WINDOWS\SYSTEM32\CRYPTSP.dll
0x00007ff8e1570000 - 0x00007ff8e15a4000 	C:\WINDOWS\system32\rsaenh.dll
0x00007ff8e2d00000 - 0x00007ff8e2d27000 	C:\WINDOWS\System32\bcrypt.dll
0x00007ff8e23f0000 - 0x00007ff8e241e000 	C:\WINDOWS\SYSTEM32\USERENV.dll
0x00007ff8e1e00000 - 0x00007ff8e1e0c000 	C:\WINDOWS\SYSTEM32\CRYPTBASE.dll
0x00007ff8e18e0000 - 0x00007ff8e191b000 	C:\WINDOWS\SYSTEM32\IPHLPAPI.DLL
0x00007ff8e44a0000 - 0x00007ff8e44a8000 	C:\WINDOWS\System32\NSI.dll
0x00007ff8d2140000 - 0x00007ff8d2157000 	C:\WINDOWS\SYSTEM32\dhcpcsvc6.DLL
0x00007ff8d64b0000 - 0x00007ff8d64cd000 	C:\WINDOWS\SYSTEM32\dhcpcsvc.DLL
0x00007ff8e1920000 - 0x00007ff8e19eb000 	C:\WINDOWS\SYSTEM32\DNSAPI.dll
0x00007ff8c07b0000 - 0x00007ff8c07ee000 	C:\Users\admin\AppData\Roaming\Code\User\globalStorage\redhat.java\1.5.0\config_win\org.eclipse.equinox.launcher\org.eclipse.equinox.launcher.win32.win32.x86_64_1.2.400.v20211117-0650\eclipse_11602.dll
0x00007ff8e4c60000 - 0x00007ff8e4d8a000 	C:\WINDOWS\System32\ole32.dll
0x00007ff8da3d0000 - 0x00007ff8da3e0000 	c:\Users\admin\.vscode\extensions\redhat.java-1.5.0-win32-x64\jre\17.0.2-win32-x86_64\bin\verify.dll
0x00007ff8c0a10000 - 0x00007ff8c0a54000 	C:\Users\admin\AppData\Local\Temp\jna-92668751\jna18432008854648831661.dll

dbghelp: loaded successfully - version: 4.0.5 - missing functions: none
symbol engine: initialized successfully - sym options: 0x614 - pdb path: .;c:\Users\admin\.vscode\extensions\redhat.java-1.5.0-win32-x64\jre\17.0.2-win32-x86_64\bin;C:\WINDOWS\SYSTEM32;C:\WINDOWS\WinSxS\amd64_microsoft.windows.common-controls_6595b64144ccf1df_6.0.19041.1110_none_60b5254171f9507e;c:\Users\admin\.vscode\extensions\redhat.java-1.5.0-win32-x64\jre\17.0.2-win32-x86_64\bin\server;C:\Users\admin\AppData\Roaming\Code\User\globalStorage\redhat.java\1.5.0\config_win\org.eclipse.equinox.launcher\org.eclipse.equinox.launcher.win32.win32.x86_64_1.2.400.v20211117-0650;C:\Users\admin\AppData\Local\Temp\jna-92668751

VM Arguments:
jvm_args: --add-modules=ALL-SYSTEM --add-opens=java.base/java.util=ALL-UNNAMED --add-opens=java.base/java.lang=ALL-UNNAMED --add-opens=java.base/sun.nio.fs=ALL-UNNAMED -Declipse.application=org.eclipse.jdt.ls.core.id1 -Dosgi.bundles.defaultStartLevel=4 -Declipse.product=org.eclipse.jdt.ls.core.product -Djava.import.generatesMetadataFilesAtProjectRoot=false -Dfile.encoding=utf8 -DwatchParentProcess=false -XX:+UseParallelGC -XX:GCTimeRatio=4 -XX:AdaptiveSizePolicyWeight=90 -Dsun.zip.disableMemoryMapping=true -Xmx1G -Xms100m -XX:+HeapDumpOnOutOfMemoryError -XX:HeapDumpPath=c:\Users\admin\AppData\Roaming\Code\User\workspaceStorage\88ffc9618abaa6493f3a0a45ec4d3036\redhat.java 
java_command: c:\Users\admin\.vscode\extensions\redhat.java-1.5.0-win32-x64\server\plugins\org.eclipse.equinox.launcher_1.6.400.v20210924-0641.jar -configuration c:\Users\admin\AppData\Roaming\Code\User\globalStorage\redhat.java\1.5.0\config_win -data c:\Users\admin\AppData\Roaming\Code\User\workspaceStorage\88ffc9618abaa6493f3a0a45ec4d3036\redhat.java\jdt_ws
java_class_path (initial): c:\Users\admin\.vscode\extensions\redhat.java-1.5.0-win32-x64\server\plugins\org.eclipse.equinox.launcher_1.6.400.v20210924-0641.jar
Launcher Type: SUN_STANDARD

[Global flags]
    uintx AdaptiveSizePolicyWeight                 = 90                                        {product} {command line}
     intx CICompilerCount                          = 3                                         {product} {ergonomic}
    uintx GCTimeRatio                              = 4                                         {product} {command line}
     bool HeapDumpOnOutOfMemoryError               = true                                   {manageable} {command line}
    ccstr HeapDumpPath                             = c:\Users\admin\AppData\Roaming\Code\User\workspaceStorage\88ffc9618abaa6493f3a0a45ec4d3036\redhat.java         {manageable} {command line}
   size_t InitialHeapSize                          = 104857600                                 {product} {command line}
   size_t MaxHeapSize                              = 1073741824                                {product} {command line}
   size_t MaxNewSize                               = 357564416                                 {product} {ergonomic}
   size_t MinHeapDeltaBytes                        = 524288                                    {product} {ergonomic}
   size_t MinHeapSize                              = 104857600                                 {product} {command line}
   size_t NewSize                                  = 34603008                                  {product} {ergonomic}
    uintx NonNMethodCodeHeapSize                   = 5832780                                {pd product} {ergonomic}
    uintx NonProfiledCodeHeapSize                  = 122912730                              {pd product} {ergonomic}
   size_t OldSize                                  = 70254592                                  {product} {ergonomic}
    uintx ProfiledCodeHeapSize                     = 122912730                              {pd product} {ergonomic}
    uintx ReservedCodeCacheSize                    = 251658240                              {pd product} {ergonomic}
     bool SegmentedCodeCache                       = true                                      {product} {ergonomic}
   size_t SoftMaxHeapSize                          = 1073741824                             {manageable} {ergonomic}
     bool UseCompressedClassPointers               = true                           {product lp64_product} {ergonomic}
     bool UseCompressedOops                        = true                           {product lp64_product} {ergonomic}
     bool UseLargePagesIndividualAllocation        = false                                  {pd product} {ergonomic}
     bool UseParallelGC                            = true                                      {product} {command line}

Logging:
Log output configuration:
 #0: stdout all=warning uptime,level,tags
 #1: stderr all=off uptime,level,tags

Environment Variables:
JAVA_HOME=C:\Program Files\Java\jdk-11.0.15
PATH=C:\Program Files\Common Files\Oracle\Java\javapath;C:\Program Files (x86)\Common Files\Oracle\Java\javapath;C:\Program Files (x86)\NVIDIA Corporation\PhysX\Common;C:\ProgramData\Oracle\Java\javapath;C:\WINDOWS\system32;C:\WINDOWS;C:\WINDOWS\System32\Wbem;C:\WINDOWS\System32\WindowsPowerShell\v1.0\;C:\Program Files (x86)\Skype\Phone\;C:\Program Files\WIDCOMM\Bluetooth Software\;C:\Program Files\WIDCOMM\Bluetooth Software\syswow64;C:\WINDOWS\System32\OpenSSH\;C:\Program Files\Notepad++;C:\Program Files\Git\cmd;C:\Program Files (x86)\nodejs\;C:\WIN-Program\apache-maven-3.8.5\bin;C:\Program Files\Java\jdk-11.0.15\bin;C:\Users\admin\AppData\Local\Microsoft\WindowsApps;C:\Program Files\Intel\WiFi\bin\;C:\Program Files\Common Files\Intel\WirelessCommon\;C:\Users\admin\AppData\Local\Programs\Microsoft VS Code\bin;C:\Users\admin\AppData\Roaming\npm;C:\WIN-Program\apache-maven-3.8.5\bin;%JAVA_HOME\bin;
USERNAME=admin
OS=Windows_NT
PROCESSOR_IDENTIFIER=Intel64 Family 6 Model 78 Stepping 3, GenuineIntel



---------------  S Y S T E M  ---------------

OS:
 Windows 10 , 64 bit Build 19041 (10.0.19041.1645)
OS uptime: 4 days 23:02 hours

CPU: total 4 (initial active 4) (2 cores per cpu, 2 threads per core) family 6 model 78 stepping 3 microcode 0xec, cx8, cmov, fxsr, ht, mmx, 3dnowpref, sse, sse2, sse3, ssse3, sse4.1, sse4.2, popcnt, lzcnt, tsc, tscinvbit, avx, avx2, aes, erms, clmul, bmi1, bmi2, rtm, adx, fma, vzeroupper, clflush, clflushopt

Memory: 4k page, system-wide physical 8008M (1008M free)
TotalPageFile size 12008M (AvailPageFile size 52M)
current process WorkingSet (physical memory assigned to process): 209M, peak: 221M
current process commit charge ("private bytes"): 269M, peak: 297M

vm_info: OpenJDK 64-Bit Server VM (17.0.2+8) for windows-amd64 JRE (17.0.2+8), built on Jan 20 2022 04:52:34 by "" with MS VC++ 16.7 (VS2019)

END.
